<?xml version="1.0" encoding="UTF-8"?>
<!-- Generated by org.testng.reporters.JUnitXMLReporter -->
<testsuite ignored="3" hostname="LAPTOP-SG5OOO1B" failures="0" tests="3" name="Test" time="22.283" errors="0" timestamp="2025-06-21T13:09:33 IST">
  <testcase classname="InventoryModule.AddToCartButton" name="tc_003AddToCartButtonTest" time="8.052"/>
  <testcase classname="InventoryModule.AddToCartButton" name="vrunda" time="0.002"/>
  <testcase classname="InventoryModule.AddProduct" name="sample" time="0.004"/>
  <testcase classname="generic_utilities.BaseClass" name="@BeforeSuite bsConfig" time="0.0">
    <ignored/>
  </testcase> <!-- @BeforeSuite bsConfig -->
  <testcase classname="InventoryModule.AddProduct" name="tc_002AddProductTest" time="0.0">
    <ignored/>
  </testcase> <!-- tc_002AddProductTest -->
  <testcase classname="generic_utilities.BaseClass" name="@AfterSuite asConfig" time="0.0">
    <ignored/>
  </testcase> <!-- @AfterSuite asConfig -->
</testsuite> <!-- Test -->
