<?xml version="1.0" encoding="UTF-8"?>
<testng-results ignored="1" total="4" passed="3" failed="0" skipped="0">
  <reporter-output>
  </reporter-output>
  <suite started-at="2025-06-21T13:09:11 IST" name="Suite" finished-at="2025-06-21T13:09:33 IST" duration-ms="22283">
    <groups>
    </groups>
    <test started-at="2025-06-21T13:09:11 IST" name="Test" finished-at="2025-06-21T13:09:33 IST" duration-ms="22283">
      <class name="InventoryModule.AddToCartButton">
        <test-method is-config="true" signature="bsConfig()[pri:0, instance:InventoryModule.AddToCartButton@f79e]" started-at="2025-06-21T13:09:11 IST" name="bsConfig" finished-at="2025-06-21T13:09:11 IST" duration-ms="18" status="PASS">
          <reporter-output>
          </reporter-output>
        </test-method> <!-- bsConfig -->
        <test-method is-config="true" signature="bcConfig()[pri:0, instance:InventoryModule.AddToCartButton@f79e]" started-at="2025-06-21T13:09:11 IST" name="bcConfig" finished-at="2025-06-21T13:09:18 IST" duration-ms="7156" status="PASS">
          <reporter-output>
          </reporter-output>
        </test-method> <!-- bcConfig -->
        <test-method is-config="true" signature="bmConfig()[pri:0, instance:InventoryModule.AddToCartButton@f79e]" started-at="2025-06-21T13:09:18 IST" name="bmConfig" finished-at="2025-06-21T13:09:19 IST" duration-ms="433" status="PASS">
          <reporter-output>
          </reporter-output>
        </test-method> <!-- bmConfig -->
        <test-method signature="tc_003AddToCartButtonTest()[pri:0, instance:InventoryModule.AddToCartButton@f79e]" started-at="2025-06-21T13:09:19 IST" name="tc_003AddToCartButtonTest" finished-at="2025-06-21T13:09:27 IST" duration-ms="8052" status="PASS">
          <reporter-output>
          </reporter-output>
        </test-method> <!-- tc_003AddToCartButtonTest -->
        <test-method is-config="true" signature="amConfig()[pri:0, instance:InventoryModule.AddToCartButton@f79e]" started-at="2025-06-21T13:09:27 IST" name="amConfig" finished-at="2025-06-21T13:09:27 IST" duration-ms="286" status="PASS">
          <reporter-output>
          </reporter-output>
        </test-method> <!-- amConfig -->
        <test-method is-config="true" signature="bmConfig()[pri:0, instance:InventoryModule.AddToCartButton@f79e]" started-at="2025-06-21T13:09:27 IST" name="bmConfig" finished-at="2025-06-21T13:09:27 IST" duration-ms="284" status="PASS">
          <reporter-output>
          </reporter-output>
        </test-method> <!-- bmConfig -->
        <test-method signature="vrunda()[pri:0, instance:InventoryModule.AddToCartButton@f79e]" started-at="2025-06-21T13:09:27 IST" name="vrunda" finished-at="2025-06-21T13:09:27 IST" duration-ms="2" status="PASS">
          <reporter-output>
          </reporter-output>
        </test-method> <!-- vrunda -->
        <test-method is-config="true" signature="amConfig()[pri:0, instance:InventoryModule.AddToCartButton@f79e]" started-at="2025-06-21T13:09:27 IST" name="amConfig" finished-at="2025-06-21T13:09:27 IST" duration-ms="246" status="PASS">
          <reporter-output>
          </reporter-output>
        </test-method> <!-- amConfig -->
        <test-method is-config="true" signature="acConfig()[pri:0, instance:InventoryModule.AddToCartButton@f79e]" started-at="2025-06-21T13:09:27 IST" name="acConfig" finished-at="2025-06-21T13:09:29 IST" duration-ms="1558" status="PASS">
          <reporter-output>
          </reporter-output>
        </test-method> <!-- acConfig -->
        <test-method is-config="true" signature="asConfig()[pri:0, instance:InventoryModule.AddToCartButton@f79e]" started-at="2025-06-21T13:09:33 IST" name="asConfig" finished-at="2025-06-21T13:09:33 IST" duration-ms="0" status="PASS">
          <reporter-output>
          </reporter-output>
        </test-method> <!-- asConfig -->
      </class> <!-- InventoryModule.AddToCartButton -->
      <class name="InventoryModule.AddProduct">
        <test-method is-config="true" signature="bcConfig()[pri:0, instance:InventoryModule.AddProduct@7494f96a]" started-at="2025-06-21T13:09:29 IST" name="bcConfig" finished-at="2025-06-21T13:09:31 IST" duration-ms="1633" status="PASS">
          <reporter-output>
          </reporter-output>
        </test-method> <!-- bcConfig -->
        <test-method is-config="true" signature="bmConfig()[pri:0, instance:InventoryModule.AddProduct@7494f96a]" started-at="2025-06-21T13:09:31 IST" name="bmConfig" finished-at="2025-06-21T13:09:31 IST" duration-ms="447" status="PASS">
          <reporter-output>
          </reporter-output>
        </test-method> <!-- bmConfig -->
        <test-method signature="sample()[pri:0, instance:InventoryModule.AddProduct@7494f96a]" started-at="2025-06-21T13:09:31 IST" name="sample" finished-at="2025-06-21T13:09:31 IST" duration-ms="4" status="PASS">
          <reporter-output>
          </reporter-output>
        </test-method> <!-- sample -->
        <test-method is-config="true" signature="amConfig()[pri:0, instance:InventoryModule.AddProduct@7494f96a]" started-at="2025-06-21T13:09:31 IST" name="amConfig" finished-at="2025-06-21T13:09:31 IST" duration-ms="268" status="PASS">
          <reporter-output>
          </reporter-output>
        </test-method> <!-- amConfig -->
        <test-method is-config="true" signature="acConfig()[pri:0, instance:InventoryModule.AddProduct@7494f96a]" started-at="2025-06-21T13:09:31 IST" name="acConfig" finished-at="2025-06-21T13:09:33 IST" duration-ms="1450" status="PASS">
          <reporter-output>
          </reporter-output>
        </test-method> <!-- acConfig -->
      </class> <!-- InventoryModule.AddProduct -->
    </test> <!-- Test -->
  </suite> <!-- Suite -->
</testng-results>
